<?xml version="1.0" encoding="UTF-8"?>
<testsuite xmlns:xsi="http://www.w3.org/2001/XMLSchema-instance" xsi:noNamespaceSchemaLocation="https://maven.apache.org/surefire/maven-failsafe-plugin/xsd/failsafe-test-report-3.0.xsd" version="3.0" name="pt.tecnico.staysafe.dgs.client.AggregateIT" time="0.009" tests="3" errors="3" skipped="0" failures="0">
  <properties>
    <property name="sun.desktop" value="gnome"/>
    <property name="awt.toolkit" value="sun.awt.X11.XToolkit"/>
    <property name="java.specification.version" value="11"/>
    <property name="sun.cpu.isalist" value=""/>
    <property name="sun.jnu.encoding" value="UTF-8"/>
    <property name="java.class.path" value="/home/joao/sdis/SDis/G11/dgs-client/target/test-classes:/home/joao/sdis/SDis/G11/dgs-client/target/dgs-client-1.0.0-SNAPSHOT.jar:/home/joao/sdis/SDis/G11/dgs-contract/target/dgs-contract-1.0.0-SNAPSHOT.jar:/home/joao/.m2/repository/io/grpc/grpc-protobuf/1.28.0/grpc-protobuf-1.28.0.jar:/home/joao/.m2/repository/io/grpc/grpc-api/1.28.0/grpc-api-1.28.0.jar:/home/joao/.m2/repository/io/grpc/grpc-context/1.28.0/grpc-context-1.28.0.jar:/home/joao/.m2/repository/com/google/code/findbugs/jsr305/3.0.2/jsr305-3.0.2.jar:/home/joao/.m2/repository/org/codehaus/mojo/animal-sniffer-annotations/1.18/animal-sniffer-annotations-1.18.jar:/home/joao/.m2/repository/com/google/protobuf/protobuf-java/3.11.0/protobuf-java-3.11.0.jar:/home/joao/.m2/repository/com/google/guava/guava/28.1-android/guava-28.1-android.jar:/home/joao/.m2/repository/com/google/guava/failureaccess/1.0.1/failureaccess-1.0.1.jar:/home/joao/.m2/repository/com/google/guava/listenablefuture/9999.0-empty-to-avoid-conflict-with-guava/listenablefuture-9999.0-empty-to-avoid-conflict-with-guava.jar:/home/joao/.m2/repository/org/checkerframework/checker-compat-qual/2.5.5/checker-compat-qual-2.5.5.jar:/home/joao/.m2/repository/com/google/j2objc/j2objc-annotations/1.3/j2objc-annotations-1.3.jar:/home/joao/.m2/repository/com/google/api/grpc/proto-google-common-protos/1.17.0/proto-google-common-protos-1.17.0.jar:/home/joao/.m2/repository/io/grpc/grpc-protobuf-lite/1.28.0/grpc-protobuf-lite-1.28.0.jar:/home/joao/.m2/repository/io/grpc/grpc-stub/1.28.0/grpc-stub-1.28.0.jar:/home/joao/.m2/repository/io/grpc/grpc-netty-shaded/1.28.0/grpc-netty-shaded-1.28.0.jar:/home/joao/.m2/repository/io/grpc/grpc-core/1.28.0/grpc-core-1.28.0.jar:/home/joao/.m2/repository/com/google/android/annotations/4.1.1.4/annotations-4.1.1.4.jar:/home/joao/.m2/repository/io/perfmark/perfmark-api/0.19.0/perfmark-api-0.19.0.jar:/home/joao/.m2/repository/io/grpc/grpc-testing/1.28.0/grpc-testing-1.28.0.jar:/home/joao/.m2/repository/junit/junit/4.12/junit-4.12.jar:/home/joao/.m2/repository/org/hamcrest/hamcrest-core/1.3/hamcrest-core-1.3.jar:/home/joao/.m2/repository/io/opencensus/opencensus-api/0.24.0/opencensus-api-0.24.0.jar:/home/joao/.m2/repository/com/google/protobuf/protobuf-java-util/3.11.4/protobuf-java-util-3.11.4.jar:/home/joao/.m2/repository/com/google/errorprone/error_prone_annotations/2.3.4/error_prone_annotations-2.3.4.jar:/home/joao/.m2/repository/com/google/code/gson/gson/2.8.6/gson-2.8.6.jar:/home/joao/.m2/repository/javax/annotation/javax.annotation-api/1.3.2/javax.annotation-api-1.3.2.jar:/home/joao/.m2/repository/org/junit/jupiter/junit-jupiter-api/5.6.0/junit-jupiter-api-5.6.0.jar:/home/joao/.m2/repository/org/apiguardian/apiguardian-api/1.1.0/apiguardian-api-1.1.0.jar:/home/joao/.m2/repository/org/opentest4j/opentest4j/1.2.0/opentest4j-1.2.0.jar:/home/joao/.m2/repository/org/junit/platform/junit-platform-commons/1.6.0/junit-platform-commons-1.6.0.jar:/home/joao/.m2/repository/org/junit/jupiter/junit-jupiter-engine/5.6.0/junit-jupiter-engine-5.6.0.jar:/home/joao/.m2/repository/org/junit/platform/junit-platform-engine/1.6.0/junit-platform-engine-1.6.0.jar:/home/joao/.m2/repository/pt/ulisboa/tecnico/sdis/zk-naming/1.0.3/zk-naming-1.0.3.jar:/home/joao/.m2/repository/org/apache/zookeeper/zookeeper/3.6.0/zookeeper-3.6.0.jar:/home/joao/.m2/repository/commons-lang/commons-lang/2.6/commons-lang-2.6.jar:/home/joao/.m2/repository/org/apache/zookeeper/zookeeper-jute/3.6.0/zookeeper-jute-3.6.0.jar:/home/joao/.m2/repository/org/apache/yetus/audience-annotations/0.5.0/audience-annotations-0.5.0.jar:/home/joao/.m2/repository/io/netty/netty-handler/4.1.45.Final/netty-handler-4.1.45.Final.jar:/home/joao/.m2/repository/io/netty/netty-common/4.1.45.Final/netty-common-4.1.45.Final.jar:/home/joao/.m2/repository/io/netty/netty-buffer/4.1.45.Final/netty-buffer-4.1.45.Final.jar:/home/joao/.m2/repository/io/netty/netty-transport/4.1.45.Final/netty-transport-4.1.45.Final.jar:/home/joao/.m2/repository/io/netty/netty-resolver/4.1.45.Final/netty-resolver-4.1.45.Final.jar:/home/joao/.m2/repository/io/netty/netty-codec/4.1.45.Final/netty-codec-4.1.45.Final.jar:/home/joao/.m2/repository/io/netty/netty-transport-native-epoll/4.1.45.Final/netty-transport-native-epoll-4.1.45.Final.jar:/home/joao/.m2/repository/io/netty/netty-transport-native-unix-common/4.1.45.Final/netty-transport-native-unix-common-4.1.45.Final.jar:/home/joao/.m2/repository/org/slf4j/slf4j-api/1.7.25/slf4j-api-1.7.25.jar:/home/joao/.m2/repository/org/slf4j/slf4j-log4j12/1.7.25/slf4j-log4j12-1.7.25.jar:/home/joao/.m2/repository/log4j/log4j/1.2.17/log4j-1.2.17.jar:"/>
    <property name="java.vm.vendor" value="Ubuntu"/>
    <property name="sun.arch.data.model" value="64"/>
    <property name="java.vendor.url" value="https://ubuntu.com/"/>
    <property name="user.timezone" value="Europe/Lisbon"/>
    <property name="user.country.format" value="PT"/>
    <property name="java.vm.specification.version" value="11"/>
    <property name="os.name" value="Linux"/>
    <property name="sun.java.launcher" value="SUN_STANDARD"/>
    <property name="user.country" value="US"/>
    <property name="sun.boot.library.path" value="/usr/lib/jvm/java-11-openjdk-amd64/lib"/>
    <property name="sun.java.command" value="/home/joao/sdis/SDis/G11/dgs-client/target/surefire/surefirebooter13932233495057183514.jar /home/joao/sdis/SDis/G11/dgs-client/target/surefire 2020-12-01T12-02-00_477-jvmRun1 surefire5277104328649222181tmp surefire_012555126719296692458tmp"/>
    <property name="jdk.debug" value="release"/>
    <property name="surefire.test.class.path" value="/home/joao/sdis/SDis/G11/dgs-client/target/test-classes:/home/joao/sdis/SDis/G11/dgs-client/target/dgs-client-1.0.0-SNAPSHOT.jar:/home/joao/sdis/SDis/G11/dgs-contract/target/dgs-contract-1.0.0-SNAPSHOT.jar:/home/joao/.m2/repository/io/grpc/grpc-protobuf/1.28.0/grpc-protobuf-1.28.0.jar:/home/joao/.m2/repository/io/grpc/grpc-api/1.28.0/grpc-api-1.28.0.jar:/home/joao/.m2/repository/io/grpc/grpc-context/1.28.0/grpc-context-1.28.0.jar:/home/joao/.m2/repository/com/google/code/findbugs/jsr305/3.0.2/jsr305-3.0.2.jar:/home/joao/.m2/repository/org/codehaus/mojo/animal-sniffer-annotations/1.18/animal-sniffer-annotations-1.18.jar:/home/joao/.m2/repository/com/google/protobuf/protobuf-java/3.11.0/protobuf-java-3.11.0.jar:/home/joao/.m2/repository/com/google/guava/guava/28.1-android/guava-28.1-android.jar:/home/joao/.m2/repository/com/google/guava/failureaccess/1.0.1/failureaccess-1.0.1.jar:/home/joao/.m2/repository/com/google/guava/listenablefuture/9999.0-empty-to-avoid-conflict-with-guava/listenablefuture-9999.0-empty-to-avoid-conflict-with-guava.jar:/home/joao/.m2/repository/org/checkerframework/checker-compat-qual/2.5.5/checker-compat-qual-2.5.5.jar:/home/joao/.m2/repository/com/google/j2objc/j2objc-annotations/1.3/j2objc-annotations-1.3.jar:/home/joao/.m2/repository/com/google/api/grpc/proto-google-common-protos/1.17.0/proto-google-common-protos-1.17.0.jar:/home/joao/.m2/repository/io/grpc/grpc-protobuf-lite/1.28.0/grpc-protobuf-lite-1.28.0.jar:/home/joao/.m2/repository/io/grpc/grpc-stub/1.28.0/grpc-stub-1.28.0.jar:/home/joao/.m2/repository/io/grpc/grpc-netty-shaded/1.28.0/grpc-netty-shaded-1.28.0.jar:/home/joao/.m2/repository/io/grpc/grpc-core/1.28.0/grpc-core-1.28.0.jar:/home/joao/.m2/repository/com/google/android/annotations/4.1.1.4/annotations-4.1.1.4.jar:/home/joao/.m2/repository/io/perfmark/perfmark-api/0.19.0/perfmark-api-0.19.0.jar:/home/joao/.m2/repository/io/grpc/grpc-testing/1.28.0/grpc-testing-1.28.0.jar:/home/joao/.m2/repository/junit/junit/4.12/junit-4.12.jar:/home/joao/.m2/repository/org/hamcrest/hamcrest-core/1.3/hamcrest-core-1.3.jar:/home/joao/.m2/repository/io/opencensus/opencensus-api/0.24.0/opencensus-api-0.24.0.jar:/home/joao/.m2/repository/com/google/protobuf/protobuf-java-util/3.11.4/protobuf-java-util-3.11.4.jar:/home/joao/.m2/repository/com/google/errorprone/error_prone_annotations/2.3.4/error_prone_annotations-2.3.4.jar:/home/joao/.m2/repository/com/google/code/gson/gson/2.8.6/gson-2.8.6.jar:/home/joao/.m2/repository/javax/annotation/javax.annotation-api/1.3.2/javax.annotation-api-1.3.2.jar:/home/joao/.m2/repository/org/junit/jupiter/junit-jupiter-api/5.6.0/junit-jupiter-api-5.6.0.jar:/home/joao/.m2/repository/org/apiguardian/apiguardian-api/1.1.0/apiguardian-api-1.1.0.jar:/home/joao/.m2/repository/org/opentest4j/opentest4j/1.2.0/opentest4j-1.2.0.jar:/home/joao/.m2/repository/org/junit/platform/junit-platform-commons/1.6.0/junit-platform-commons-1.6.0.jar:/home/joao/.m2/repository/org/junit/jupiter/junit-jupiter-engine/5.6.0/junit-jupiter-engine-5.6.0.jar:/home/joao/.m2/repository/org/junit/platform/junit-platform-engine/1.6.0/junit-platform-engine-1.6.0.jar:/home/joao/.m2/repository/pt/ulisboa/tecnico/sdis/zk-naming/1.0.3/zk-naming-1.0.3.jar:/home/joao/.m2/repository/org/apache/zookeeper/zookeeper/3.6.0/zookeeper-3.6.0.jar:/home/joao/.m2/repository/commons-lang/commons-lang/2.6/commons-lang-2.6.jar:/home/joao/.m2/repository/org/apache/zookeeper/zookeeper-jute/3.6.0/zookeeper-jute-3.6.0.jar:/home/joao/.m2/repository/org/apache/yetus/audience-annotations/0.5.0/audience-annotations-0.5.0.jar:/home/joao/.m2/repository/io/netty/netty-handler/4.1.45.Final/netty-handler-4.1.45.Final.jar:/home/joao/.m2/repository/io/netty/netty-common/4.1.45.Final/netty-common-4.1.45.Final.jar:/home/joao/.m2/repository/io/netty/netty-buffer/4.1.45.Final/netty-buffer-4.1.45.Final.jar:/home/joao/.m2/repository/io/netty/netty-transport/4.1.45.Final/netty-transport-4.1.45.Final.jar:/home/joao/.m2/repository/io/netty/netty-resolver/4.1.45.Final/netty-resolver-4.1.45.Final.jar:/home/joao/.m2/repository/io/netty/netty-codec/4.1.45.Final/netty-codec-4.1.45.Final.jar:/home/joao/.m2/repository/io/netty/netty-transport-native-epoll/4.1.45.Final/netty-transport-native-epoll-4.1.45.Final.jar:/home/joao/.m2/repository/io/netty/netty-transport-native-unix-common/4.1.45.Final/netty-transport-native-unix-common-4.1.45.Final.jar:/home/joao/.m2/repository/org/slf4j/slf4j-api/1.7.25/slf4j-api-1.7.25.jar:/home/joao/.m2/repository/org/slf4j/slf4j-log4j12/1.7.25/slf4j-log4j12-1.7.25.jar:/home/joao/.m2/repository/log4j/log4j/1.2.17/log4j-1.2.17.jar:"/>
    <property name="sun.cpu.endian" value="little"/>
    <property name="user.home" value="/home/joao"/>
    <property name="user.language" value="en"/>
    <property name="java.specification.vendor" value="Oracle Corporation"/>
    <property name="java.version.date" value="2020-11-04"/>
    <property name="java.home" value="/usr/lib/jvm/java-11-openjdk-amd64"/>
    <property name="file.separator" value="/"/>
    <property name="basedir" value="/home/joao/sdis/SDis/G11/dgs-client"/>
    <property name="java.vm.compressedOopsMode" value="32-bit"/>
    <property name="line.separator" value="&#10;"/>
    <property name="java.specification.name" value="Java Platform API Specification"/>
    <property name="java.vm.specification.vendor" value="Oracle Corporation"/>
    <property name="java.awt.graphicsenv" value="sun.awt.X11GraphicsEnvironment"/>
    <property name="surefire.real.class.path" value="/home/joao/sdis/SDis/G11/dgs-client/target/surefire/surefirebooter13932233495057183514.jar"/>
    <property name="sun.management.compiler" value="HotSpot 64-Bit Tiered Compilers"/>
    <property name="java.runtime.version" value="11.0.9.1+1-Ubuntu-0ubuntu1.20.04"/>
    <property name="user.name" value="joao"/>
    <property name="path.separator" value=":"/>
    <property name="os.version" value="5.4.0-54-generic"/>
    <property name="java.runtime.name" value="OpenJDK Runtime Environment"/>
    <property name="file.encoding" value="UTF-8"/>
    <property name="java.vm.name" value="OpenJDK 64-Bit Server VM"/>
    <property name="localRepository" value="/home/joao/.m2/repository"/>
    <property name="java.vendor.url.bug" value="https://bugs.launchpad.net/ubuntu/+source/openjdk-lts"/>
    <property name="java.io.tmpdir" value="/tmp"/>
    <property name="java.version" value="11.0.9.1"/>
    <property name="user.dir" value="/home/joao/sdis/SDis/G11/dgs-client"/>
    <property name="os.arch" value="amd64"/>
    <property name="java.vm.specification.name" value="Java Virtual Machine Specification"/>
    <property name="java.awt.printerjob" value="sun.print.PSPrinterJob"/>
    <property name="user.language.format" value="pt"/>
    <property name="sun.os.patch.level" value="unknown"/>
    <property name="java.library.path" value="/usr/java/packages/lib:/usr/lib/x86_64-linux-gnu/jni:/lib/x86_64-linux-gnu:/usr/lib/x86_64-linux-gnu:/usr/lib/jni:/lib:/usr/lib"/>
    <property name="java.vm.info" value="mixed mode, sharing"/>
    <property name="java.vendor" value="Ubuntu"/>
    <property name="java.vm.version" value="11.0.9.1+1-Ubuntu-0ubuntu1.20.04"/>
    <property name="sun.io.unicode.encoding" value="UnicodeLittle"/>
    <property name="java.class.version" value="55.0"/>
  </properties>
  <testcase name="aggregateMeanDevOKTest" classname="pt.tecnico.staysafe.dgs.client.AggregateIT" time="0.001">
    <error type="java.lang.NullPointerException"><![CDATA[java.lang.NullPointerException
	at pt.tecnico.staysafe.dgs.client.AggregateIT.setUp(AggregateIT.java:85)
]]></error>
    <system-out><![CDATA[Test properties:
{server.host=${server.host}, server.path=/grpc/staysafe/dgs/1, server.port=${server.port}}
Caught exception with description: close
]]></system-out>
  </testcase>
  <testcase name="aggregatePercentilesOKTest" classname="pt.tecnico.staysafe.dgs.client.AggregateIT" time="0.001">
    <error type="java.lang.NullPointerException"><![CDATA[java.lang.NullPointerException
	at pt.tecnico.staysafe.dgs.client.AggregateIT.setUp(AggregateIT.java:85)
]]></error>
  </testcase>
  <testcase name="invalidCommandTest" classname="pt.tecnico.staysafe.dgs.client.AggregateIT" time="0.001">
    <error type="java.lang.NullPointerException"><![CDATA[java.lang.NullPointerException
	at pt.tecnico.staysafe.dgs.client.AggregateIT.setUp(AggregateIT.java:85)
]]></error>
  </testcase>
</testsuite>